0 info it worked if it ends with ok
1 verbose cli [ '/usr/local/Cellar/node/5.3.0/bin/node',
1 verbose cli   '/usr/local/bin/npm',
1 verbose cli   'run',
1 verbose cli   'gulp',
1 verbose cli   'watch' ]
2 info using npm@3.3.12
3 info using node@v5.3.0
4 verbose run-script [ 'pregulp', 'gulp', 'postgulp' ]
5 info lifecycle menelaos-test@0.0.1~pregulp: menelaos-test@0.0.1
6 silly lifecycle menelaos-test@0.0.1~pregulp: no script for pregulp, continuing
7 info lifecycle menelaos-test@0.0.1~gulp: menelaos-test@0.0.1
8 verbose lifecycle menelaos-test@0.0.1~gulp: unsafe-perm in lifecycle true
9 verbose lifecycle menelaos-test@0.0.1~gulp: PATH: /usr/local/lib/node_modules/npm/bin/node-gyp-bin:/Users/james/Copy/Code/Menelaos/menelaos-test-project/node_modules/.bin:/usr/local/bin:/usr/bin:/bin:/usr/sbin:/sbin:/Applications/Genymotion.app/Contents/MacOS/player.app/Contents/MacOS/tools:/usr/local/sbin:/Library/Frameworks/Python.framework/Versions/2.7/bin:/opt/X11/bin:/Applications/Server.app/Contents/ServerRoot/usr/bin:/Applications/Server.app/Contents/ServerRoot/usr/sbin:/usr/local/MacGPG2/bin:/Users/james/Android-SDK/android-sdk-macosx/tools:/Users/james/Android-SDK/android-sdk-macosx/platform-tools
10 verbose lifecycle menelaos-test@0.0.1~gulp: CWD: /Users/james/Copy/Code/Menelaos/menelaos-test-project
11 silly lifecycle menelaos-test@0.0.1~gulp: Args: [ '-c', 'gulp "watch"' ]
12 silly lifecycle menelaos-test@0.0.1~gulp: Returned: code: 1  signal: null
13 info lifecycle menelaos-test@0.0.1~gulp: Failed to exec gulp script
14 verbose stack Error: menelaos-test@0.0.1 gulp: `gulp "watch"`
14 verbose stack Exit status 1
14 verbose stack     at EventEmitter.<anonymous> (/usr/local/lib/node_modules/npm/lib/utils/lifecycle.js:232:16)
14 verbose stack     at emitTwo (events.js:87:13)
14 verbose stack     at EventEmitter.emit (events.js:172:7)
14 verbose stack     at ChildProcess.<anonymous> (/usr/local/lib/node_modules/npm/lib/utils/spawn.js:24:14)
14 verbose stack     at emitTwo (events.js:87:13)
14 verbose stack     at ChildProcess.emit (events.js:172:7)
14 verbose stack     at maybeClose (internal/child_process.js:818:16)
14 verbose stack     at Process.ChildProcess._handle.onexit (internal/child_process.js:211:5)
15 verbose pkgid menelaos-test@0.0.1
16 verbose cwd /Users/james/Copy/Code/Menelaos/menelaos-test-project
17 error Darwin 15.2.0
18 error argv "/usr/local/Cellar/node/5.3.0/bin/node" "/usr/local/bin/npm" "run" "gulp" "watch"
19 error node v5.3.0
20 error npm  v3.3.12
21 error code ELIFECYCLE
22 error menelaos-test@0.0.1 gulp: `gulp "watch"`
22 error Exit status 1
23 error Failed at the menelaos-test@0.0.1 gulp script 'gulp "watch"'.
23 error Make sure you have the latest version of node.js and npm installed.
23 error If you do, this is most likely a problem with the menelaos-test package,
23 error not with npm itself.
23 error Tell the author that this fails on your system:
23 error     gulp "watch"
23 error You can get their info via:
23 error     npm owner ls menelaos-test
23 error There is likely additional logging output above.
24 verbose exit [ 1, true ]
